<?xml version="1.0" encoding="UTF-8"?>
<testng-results ignored="0" total="1" passed="1" failed="0" skipped="0">
  <reporter-output>
  </reporter-output>
  <suite started-at="2022-10-20T00:07:13 IST" name="Default suite" finished-at="2022-10-20T00:07:41 IST" duration-ms="28682">
    <groups>
    </groups>
    <test started-at="2022-10-20T00:07:13 IST" name="Default test" finished-at="2022-10-20T00:07:41 IST" duration-ms="28682">
      <class name="ComplexTestScenarios.Alert1">
        <test-method signature="Test1()[pri:0, instance:ComplexTestScenarios.Alert1@29d89d5d]" started-at="2022-10-20T00:07:13 IST" name="Test1" finished-at="2022-10-20T00:07:41 IST" duration-ms="28567" status="PASS">
          <reporter-output>
          </reporter-output>
        </test-method> <!-- Test1 -->
      </class> <!-- ComplexTestScenarios.Alert1 -->
    </test> <!-- Default test -->
  </suite> <!-- Default suite -->
</testng-results>
