<?xml version="1.0" encoding="UTF-8"?>
<testng-results ignored="0" total="1" passed="1" failed="0" skipped="0">
  <reporter-output>
  </reporter-output>
  <suite started-at="2022-10-16T01:32:07 IST" name="Default suite" finished-at="2022-10-16T01:32:07 IST" duration-ms="96">
    <groups>
    </groups>
    <test started-at="2022-10-16T01:32:07 IST" name="Default test" finished-at="2022-10-16T01:32:07 IST" duration-ms="96">
      <class name="ComplexTestScenarios.AssertionDemo">
        <test-method signature="f()[pri:0, instance:ComplexTestScenarios.AssertionDemo@2525ff7e]" started-at="2022-10-16T01:32:07 IST" name="f" finished-at="2022-10-16T01:32:07 IST" duration-ms="28" status="PASS">
          <reporter-output>
          </reporter-output>
        </test-method> <!-- f -->
      </class> <!-- ComplexTestScenarios.AssertionDemo -->
    </test> <!-- Default test -->
  </suite> <!-- Default suite -->
</testng-results>
