<?xml version="1.0" encoding="UTF-8"?>
<testng-results ignored="0" total="2" passed="2" failed="0" skipped="0">
  <reporter-output>
  </reporter-output>
  <suite started-at="2022-12-20T13:31:40 IST" name="Free CRM Application Test Automation" finished-at="2022-12-20T13:32:37 IST" duration-ms="56189">
    <groups>
    </groups>
    <test started-at="2022-12-20T13:31:40 IST" name="Free CRM Testcases" finished-at="2022-12-20T13:32:37 IST" duration-ms="56189">
      <class name="com.crm.testcases.TC_SignUpTest_003">
        <test-method is-config="true" signature="loadConfig()[pri:0, instance:com.crm.testcases.TC_SignUpTest_003@593aaf41]" started-at="2022-12-20T13:31:40 IST" name="loadConfig" finished-at="2022-12-20T13:31:40 IST" duration-ms="15" status="PASS">
          <reporter-output>
          </reporter-output>
        </test-method> <!-- loadConfig -->
        <test-method is-config="true" signature="setUp(java.lang.String)[pri:0, instance:com.crm.testcases.TC_SignUpTest_003@593aaf41]" started-at="2022-12-20T13:31:40 IST" name="setUp" finished-at="2022-12-20T13:32:10 IST" duration-ms="29553" status="PASS">
          <params>
            <param index="0">
              <value>
                <![CDATA[chrome]]>
              </value>
            </param>
          </params>
          <reporter-output>
          </reporter-output>
        </test-method> <!-- setUp -->
        <test-method signature="verifySignupPageTitleTest()[pri:1, instance:com.crm.testcases.TC_SignUpTest_003@593aaf41]" started-at="2022-12-20T13:32:10 IST" name="verifySignupPageTitleTest" finished-at="2022-12-20T13:32:23 IST" duration-ms="12809" status="PASS">
          <reporter-output>
          </reporter-output>
        </test-method> <!-- verifySignupPageTitleTest -->
        <test-method signature="verifysignUpTest()[pri:2, instance:com.crm.testcases.TC_SignUpTest_003@593aaf41]" started-at="2022-12-20T13:32:23 IST" name="verifysignUpTest" finished-at="2022-12-20T13:32:33 IST" duration-ms="10224" status="PASS">
          <reporter-output>
          </reporter-output>
        </test-method> <!-- verifysignUpTest -->
        <test-method is-config="true" signature="tearDown()[pri:0, instance:com.crm.testcases.TC_SignUpTest_003@593aaf41]" started-at="2022-12-20T13:32:33 IST" name="tearDown" finished-at="2022-12-20T13:32:37 IST" duration-ms="3386" status="PASS">
          <reporter-output>
          </reporter-output>
        </test-method> <!-- tearDown -->
      </class> <!-- com.crm.testcases.TC_SignUpTest_003 -->
    </test> <!-- Free CRM Testcases -->
  </suite> <!-- Free CRM Application Test Automation -->
</testng-results>
