<?xml version="1.0" encoding="UTF-8"?>
<!-- Generated by org.testng.reporters.JUnitXMLReporter -->
<testsuite ignored="0" hostname="hp1" failures="1" tests="3" name="Free CRM Testcases Chrome" time="44.694" errors="0" timestamp="2022-10-06T00:21:05 IST">
  <testcase classname="com.crm.testcases.TC_IndexPageTest_002" name="verifyLogo" time="5.275"/>
  <testcase classname="com.crm.testcases.TC_IndexPageTest_002" name="verifyTitle" time="0.144">
    <skipped/>
  </testcase> <!-- verifyTitle -->
  <testcase classname="com.crm.testcases.TC_IndexPageTest_002" name="verifyTitle" time="0.011">
    <failure type="junit.framework.ComparisonFailure" message="Indexpage title not matched expected:&amp;lt;...customer relationship management software cloud&amp;gt; but was:&amp;lt;...software for any business with sales, support and customer relationship management&amp;gt;">
      <![CDATA[junit.framework.ComparisonFailure: Indexpage title not matched expected:<...customer relationship management software cloud> but was:<...software for any business with sales, support and customer relationship management>
at junit.framework.Assert.assertEquals(Assert.java:81)
at com.crm.testcases.TC_IndexPageTest_002.verifyTitle(TC_IndexPageTest_002.java:53)
at java.base/java.util.ArrayList.forEach(ArrayList.java:1511)
at java.base/java.util.concurrent.FutureTask.run(FutureTask.java:264)
at java.base/java.util.concurrent.ThreadPoolExecutor.runWorker(ThreadPoolExecutor.java:1136)
at java.base/java.util.concurrent.ThreadPoolExecutor$Worker.run(ThreadPoolExecutor.java:635)
at java.base/java.lang.Thread.run(Thread.java:833)
... Removed 18 stack frames]]>
    </failure>
  </testcase> <!-- verifyTitle -->
</testsuite> <!-- Free CRM Testcases Chrome -->
