<?xml version="1.0" encoding="UTF-8"?>
<!-- Generated by org.testng.reporters.JUnitXMLReporter -->
<testsuite ignored="3" hostname="hp1" failures="1" tests="10" name="Free CRM Testcases" time="183.801" errors="0" timestamp="2022-10-09T15:03:30 IST">
  <testcase classname="com.crm.testcases.TC_IndexPageTest_002" name="verifyLogo" time="3.78"/>
  <testcase classname="com.crm.testcases.TC_IndexPageTest_002" name="verifyTitle" time="0.03">
    <skipped/>
  </testcase> <!-- verifyTitle -->
  <testcase classname="com.crm.testcases.TC_IndexPageTest_002" name="verifyTitle" time="0.013">
    <failure type="java.lang.AssertionError" message="Free CRM software for customer relationship management India expected [Free CRM software for customer relationship management India] but found [Indexpage title not matched]">
      <![CDATA[java.lang.AssertionError: Free CRM software for customer relationship management India expected [Free CRM software for customer relationship management India] but found [Indexpage title not matched]
at com.crm.testcases.TC_IndexPageTest_002.verifyTitle(TC_IndexPageTest_002.java:46)
at java.base/java.util.ArrayList.forEach(ArrayList.java:1511)
... Removed 32 stack frames]]>
    </failure>
  </testcase> <!-- verifyTitle -->
  <testcase classname="com.crm.testcases.TC_LoginTest_001" name="verifyLoginPagteTitle" time="5.415"/>
  <testcase classname="com.crm.testcases.TC_LoginTest_001" name="verifyLogin" time="15.665"/>
  <testcase classname="com.crm.testcases.TC_SignUpTest_003" name="verifySignupPageTitleTest" time="6.096"/>
  <testcase classname="com.crm.testcases.TC_SignUpTest_003" name="verifysignUpTest" time="5.381"/>
  <testcase classname="com.crm.testcases.TC_ContactsPageTest_004" name="validateCreateNewContactTest" time="10.077"/>
  <testcase classname="com.crm.testcases.TC_ContactsPageTest_004" name="validateCreateNewContactTest" time="10.786"/>
  <testcase classname="com.crm.testcases.TC_ContactsPageTest_004" name="validateCreateNewContactTest" time="11.252"/>
  <testcase classname="com.crm.base.BaseClass" name="@BeforeSuite loadConfig" time="0.0">
    <ignored/>
  </testcase> <!-- @BeforeSuite loadConfig -->
  <testcase classname="com.crm.base.BaseClass" name="@BeforeSuite loadConfig" time="0.0">
    <ignored/>
  </testcase> <!-- @BeforeSuite loadConfig -->
  <testcase classname="com.crm.base.BaseClass" name="@BeforeSuite loadConfig" time="0.0">
    <ignored/>
  </testcase> <!-- @BeforeSuite loadConfig -->
</testsuite> <!-- Free CRM Testcases -->
